# JRE version: Java(TM) SE Runtime Environment (16.0+36) (build 16+36-2231)
# Java VM: Java HotSpot(TM) 64-Bit Server VM (16+36-2231, mixed mode, sharing, tiered, compressed oops, g1 gc, bsd-amd64)
Heap:
 garbage-first heap   total 123904K, used 59743K [0x0000000780000000, 0x0000000800000000)
  region size 1024K, 5 young (5120K), 2 survivors (2048K)
 Metaspace       used 74111K, committed 74688K, reserved 1114112K
  class space    used 10223K, committed 10496K, reserved 1048576K
GC Heap History (20 events):
Event: 6.373 GC heap before
{Heap before GC invocations=18 (full 0):
 garbage-first heap   total 84992K, used 68033K [0x0000000780000000, 0x0000000800000000)
  region size 1024K, 38 young (38912K), 4 survivors (4096K)
 Metaspace       used 58866K, committed 59328K, reserved 1105920K
  class space    used 8211K, committed 8448K, reserved 1048576K
}
Event: 6.376 GC heap after
{Heap after GC invocations=19 (full 0):
 garbage-first heap   total 84992K, used 35067K [0x0000000780000000, 0x0000000800000000)
  region size 1024K, 4 young (4096K), 4 survivors (4096K)
 Metaspace       used 58866K, committed 59328K, reserved 1105920K
  class space    used 8211K, committed 8448K, reserved 1048576K
}
Event: 6.534 GC heap before
{Heap before GC invocations=19 (full 0):
 garbage-first heap   total 84992K, used 58619K [0x0000000780000000, 0x0000000800000000)
  region size 1024K, 28 young (28672K), 4 survivors (4096K)
 Metaspace       used 59209K, committed 59648K, reserved 1105920K
  class space    used 8251K, committed 8512K, reserved 1048576K
}
Event: 6.537 GC heap after
{Heap after GC invocations=20 (full 0):
 garbage-first heap   total 121856K, used 35745K [0x0000000780000000, 0x0000000800000000)
  region size 1024K, 3 young (3072K), 3 survivors (3072K)
 Metaspace       used 59209K, committed 59648K, reserved 1105920K
  class space    used 8251K, committed 8512K, reserved 1048576K
}
Event: 7.434 GC heap before
{Heap before GC invocations=21 (full 0):
 garbage-first heap   total 121856K, used 97185K [0x0000000780000000, 0x0000000800000000)
  region size 1024K, 63 young (64512K), 3 survivors (3072K)
 Metaspace       used 63174K, committed 63680K, reserved 1105920K
  class space    used 8867K, committed 9088K, reserved 1048576K
}
Event: 7.443 GC heap after
{Heap after GC invocations=22 (full 0):
 garbage-first heap   total 121856K, used 39901K [0x0000000780000000, 0x0000000800000000)
  region size 1024K, 7 young (7168K), 7 survivors (7168K)
 Metaspace       used 63174K, committed 63680K, reserved 1105920K
  class space    used 8867K, committed 9088K, reserved 1048576K
}
Event: 8.062 GC heap before
{Heap before GC invocations=22 (full 0):
 garbage-first heap   total 121856K, used 97245K [0x0000000780000000, 0x0000000800000000)
  region size 1024K, 63 young (64512K), 7 survivors (7168K)
 Metaspace       used 64082K, committed 64576K, reserved 1105920K
  class space    used 8967K, committed 9216K, reserved 1048576K
}
Event: 8.070 GC heap after
{Heap after GC invocations=23 (full 0):
 garbage-first heap   total 121856K, used 53046K [0x0000000780000000, 0x0000000800000000)
  region size 1024K, 8 young (8192K), 8 survivors (8192K)
 Metaspace       used 64082K, committed 64576K, reserved 1105920K
  class space    used 8967K, committed 9216K, reserved 1048576K
}
Event: 8.566 GC heap before
{Heap before GC invocations=23 (full 0):
 garbage-first heap   total 121856K, used 91958K [0x0000000780000000, 0x0000000800000000)
  region size 1024K, 46 young (47104K), 8 survivors (8192K)
 Metaspace       used 64158K, committed 64640K, reserved 1105920K
  class space    used 8978K, committed 9216K, reserved 1048576K
}
Event: 8.571 GC heap after
{Heap after GC invocations=24 (full 0):
 garbage-first heap   total 121856K, used 60089K [0x0000000780000000, 0x0000000800000000)
  region size 1024K, 6 young (6144K), 6 survivors (6144K)
 Metaspace       used 64158K, committed 64640K, reserved 1105920K
  class space    used 8978K, committed 9216K, reserved 1048576K
}
Event: 8.919 GC heap before
{Heap before GC invocations=24 (full 0):
 garbage-first heap   total 121856K, used 91833K [0x0000000780000000, 0x0000000800000000)
  region size 1024K, 38 young (38912K), 6 survivors (6144K)
 Metaspace       used 64769K, committed 65216K, reserved 1105920K
  class space    used 9066K, committed 9280K, reserved 1048576K
}
Event: 8.924 GC heap after
{Heap after GC invocations=25 (full 0):
 garbage-first heap   total 121856K, used 66219K [0x0000000780000000, 0x0000000800000000)
  region size 1024K, 5 young (5120K), 5 survivors (5120K)
 Metaspace       used 64769K, committed 65216K, reserved 1105920K
  class space    used 9066K, committed 9280K, reserved 1048576K
}
Event: 9.407 GC heap before
{Heap before GC invocations=26 (full 0):
 garbage-first heap   total 121856K, used 92843K [0x0000000780000000, 0x0000000800000000)
  region size 1024K, 31 young (31744K), 5 survivors (5120K)
 Metaspace       used 67052K, committed 67584K, reserved 1114112K
  class space    used 9407K, committed 9664K, reserved 1048576K
}
Event: 9.411 GC heap after
{Heap after GC invocations=27 (full 0):
 garbage-first heap   total 121856K, used 69817K [0x0000000780000000, 0x0000000800000000)
  region size 1024K, 3 young (3072K), 3 survivors (3072K)
 Metaspace       used 67052K, committed 67584K, reserved 1114112K
  class space    used 9407K, committed 9664K, reserved 1048576K
}
Event: 9.443 GC heap before
{Heap before GC invocations=27 (full 0):
 garbage-first heap   total 121856K, used 70841K [0x0000000780000000, 0x0000000800000000)
  region size 1024K, 5 young (5120K), 3 survivors (3072K)
 Metaspace       used 67543K, committed 68032K, reserved 1114112K
  class space    used 9480K, committed 9728K, reserved 1048576K
}
Event: 9.450 GC heap after
{Heap after GC invocations=28 (full 0):
 garbage-first heap   total 121856K, used 60367K [0x0000000780000000, 0x0000000800000000)
  region size 1024K, 1 young (1024K), 1 survivors (1024K)
 Metaspace       used 67543K, committed 68032K, reserved 1114112K
  class space    used 9480K, committed 9728K, reserved 1048576K
}
Event: 134.333 GC heap before
{Heap before GC invocations=28 (full 0):
 garbage-first heap   total 121856K, used 83919K [0x0000000780000000, 0x0000000800000000)
  region size 1024K, 26 young (26624K), 1 survivors (1024K)
 Metaspace       used 72108K, committed 72640K, reserved 1114112K
  class space    used 10005K, committed 10304K, reserved 1048576K
}
Event: 134.373 GC heap after
{Heap after GC invocations=29 (full 0):
 garbage-first heap   total 121856K, used 61361K [0x0000000780000000, 0x0000000800000000)
  region size 1024K, 2 young (2048K), 2 survivors (2048K)
 Metaspace       used 72108K, committed 72640K, reserved 1114112K
  class space    used 10005K, committed 10304K, reserved 1048576K
}
Event: 269.693 GC heap before
{Heap before GC invocations=30 (full 0):
 garbage-first heap   total 121856K, used 118705K [0x0000000780000000, 0x0000000800000000)
  region size 1024K, 27 young (27648K), 2 survivors (2048K)
 Metaspace       used 74078K, committed 74560K, reserved 1114112K
  class space    used 10218K, committed 10432K, reserved 1048576K
}
Event: 269.744 GC heap after
{Heap after GC invocations=31 (full 0):
 garbage-first heap   total 123904K, used 57530K [0x0000000780000000, 0x0000000800000000)
  region size 1024K, 2 young (2048K), 2 survivors (2048K)
 Metaspace       used 74078K, committed 74560K, reserved 1114112K
  class space    used 10218K, committed 10432K, reserved 1048576K
}

